[debug] [2021-03-30T11:35:13.339Z] ----------------------------------------------------------------------
[debug] [2021-03-30T11:35:13.342Z] Command:       C:\Program Files\nodejs\node.exe C:\Users\Raj Laskar\AppData\Roaming\npm\node_modules\firebase-tools\lib\bin\firebase.js emulators:start
[debug] [2021-03-30T11:35:13.342Z] CLI Version:   9.8.0
[debug] [2021-03-30T11:35:13.342Z] Platform:      win32
[debug] [2021-03-30T11:35:13.342Z] Node Version:  v10.16.0
[debug] [2021-03-30T11:35:13.347Z] Time:          Tue Mar 30 2021 17:05:13 GMT+0530 (India Standard Time)
[debug] [2021-03-30T11:35:13.347Z] ----------------------------------------------------------------------
[debug] 
[debug] [2021-03-30T11:35:13.363Z] > command requires scopes: ["email","openid","https://www.googleapis.com/auth/cloudplatformprojects.readonly","https://www.googleapis.com/auth/firebase","https://www.googleapis.com/auth/cloud-platform"]
[debug] [2021-03-30T11:35:13.364Z] > authorizing via signed-in user
[info] i  emulators: Starting emulators: functions, firestore, hosting {"metadata":{"emulator":{"name":"hub"},"message":"Starting emulators: functions, firestore, hosting"}}
[debug] [2021-03-30T11:35:15.424Z] [hub] writing locator at C:\Users\RAJLAS~1\AppData\Local\Temp\hub-c-97e8e.json
[warn] !  functions: The following emulators are not running, calls to these services from the Functions emulator will affect production: auth, database, pubsub {"metadata":{"emulator":{"name":"functions"},"message":"The following emulators are not running, calls to these services from the Functions emulator will affect production: \u001b[1mauth, database, pubsub\u001b[22m"}}
[info] +  functions: Using node@10 from host. {"metadata":{"emulator":{"name":"functions"},"message":"Using node@10 from host."}}
[debug] [2021-03-30T11:35:17.570Z] defaultcredentials: writing to file C:\Users\Raj Laskar\AppData\Roaming\firebase\raj_laskar2016_gmail.com_application_default_credentials.json
[debug] [2021-03-30T11:35:17.579Z] Setting GAC to C:\Users\Raj Laskar\AppData\Roaming\firebase\raj_laskar2016_gmail.com_application_default_credentials.json {"metadata":{"emulator":{"name":"functions"},"message":"Setting GAC to C:\\Users\\Raj Laskar\\AppData\\Roaming\\firebase\\raj_laskar2016_gmail.com_application_default_credentials.json"}}
[debug] [2021-03-30T11:35:17.590Z] >>> [apiv2][query] GET https://firebase.googleapis.com/v1beta1/projects/c-97e8e/adminSdkConfig [none]
[debug] [2021-03-30T11:35:18.731Z] <<< [apiv2][status] GET https://firebase.googleapis.com/v1beta1/projects/c-97e8e/adminSdkConfig 200
[debug] [2021-03-30T11:35:18.732Z] <<< [apiv2][body] GET https://firebase.googleapis.com/v1beta1/projects/c-97e8e/adminSdkConfig {"projectId":"c-97e8e","storageBucket":"c-97e8e.appspot.com","locationId":"us-central"}
[debug] [2021-03-30T11:35:20.796Z] Ignoring unsupported arg: projectId {"metadata":{"emulator":{"name":"firestore"},"message":"Ignoring unsupported arg: projectId"}}
[debug] [2021-03-30T11:35:20.797Z] Ignoring unsupported arg: auto_download {"metadata":{"emulator":{"name":"firestore"},"message":"Ignoring unsupported arg: auto_download"}}
[debug] [2021-03-30T11:35:20.797Z] Starting Firestore Emulator with command {"binary":"java","args":["-Dgoogle.cloud_firestore.debug_log_level=FINE","-Duser.language=en","-jar","C:\\Users\\Raj Laskar\\.cache\\firebase\\emulators\\cloud-firestore-emulator-v1.11.12.jar","--host","localhost","--port",8080,"--rules","C:\\Users\\Raj Laskar\\Documents\\amazon-clone\\firestore.rules","--functions_emulator","localhost:5001"],"optionalArgs":["port","webchannel_port","host","rules","functions_emulator","seed_from_export"],"joinArgs":false} {"metadata":{"emulator":{"name":"firestore"},"message":"Starting Firestore Emulator with command {\"binary\":\"java\",\"args\":[\"-Dgoogle.cloud_firestore.debug_log_level=FINE\",\"-Duser.language=en\",\"-jar\",\"C:\\\\Users\\\\Raj Laskar\\\\.cache\\\\firebase\\\\emulators\\\\cloud-firestore-emulator-v1.11.12.jar\",\"--host\",\"localhost\",\"--port\",8080,\"--rules\",\"C:\\\\Users\\\\Raj Laskar\\\\Documents\\\\amazon-clone\\\\firestore.rules\",\"--functions_emulator\",\"localhost:5001\"],\"optionalArgs\":[\"port\",\"webchannel_port\",\"host\",\"rules\",\"functions_emulator\",\"seed_from_export\"],\"joinArgs\":false}"}}
[info] i  firestore: Firestore Emulator logging to firestore-debug.log {"metadata":{"emulator":{"name":"firestore"},"message":"Firestore Emulator logging to \u001b[1mfirestore-debug.log\u001b[22m"}}
[debug] [2021-03-30T11:35:22.406Z] API endpoint: http:// {"metadata":{"emulator":{"name":"firestore"},"message":"API endpoint: http://"}}
[debug] [2021-03-30T11:35:22.407Z] localhost:8080
If you are using a library that supports the FIRESTORE_EMULATOR_HOST environment variable, run:

   export FIRESTORE_EMULATOR_HOST=localhost:8080

Dev App Server is now running.

 {"metadata":{"emulator":{"name":"firestore"},"message":"localhost:8080\nIf you are using a library that supports the FIRESTORE_EMULATOR_HOST environment variable, run:\r\n\n   export FIRESTORE_EMULATOR_HOST=localhost:8080\n\nDev App Server is now running.\n\r\n"}}
[debug] [2021-03-30T11:35:24.886Z] >>> [apiv2][query] GET https://firebase.googleapis.com/v1beta1/projects/c-97e8e/webApps/-/config [none]
[debug] [2021-03-30T11:35:26.279Z] <<< [apiv2][status] GET https://firebase.googleapis.com/v1beta1/projects/c-97e8e/webApps/-/config 200
[debug] [2021-03-30T11:35:26.280Z] <<< [apiv2][body] GET https://firebase.googleapis.com/v1beta1/projects/c-97e8e/webApps/-/config {"projectId":"c-97e8e","appId":"1:168043526563:web:8d09af22bfd2872b084216","storageBucket":"c-97e8e.appspot.com","locationId":"us-central","apiKey":"AIzaSyDkGbtnFl7cDWU4JPgY__qKzp3noVaqEZg","authDomain":"c-97e8e.firebaseapp.com","messagingSenderId":"168043526563","measurementId":"G-VD2NN0868N"}
[info] i  hosting: Serving hosting files from: build {"metadata":{"emulator":{"name":"hosting"},"message":"Serving hosting files from: \u001b[1mbuild\u001b[22m"}}
[info] +  hosting: Local server: http://localhost:5000 {"metadata":{"emulator":{"name":"hosting"},"message":"Local server: \u001b[4m\u001b[1mhttp://localhost:5000\u001b[22m\u001b[24m"}}
[warn] !  ui: Emulator UI unable to start on port 4000, starting on 4002 instead. {"metadata":{"emulator":{"name":"ui"},"message":"Emulator UI unable to start on port 4000, starting on 4002 instead."}}
[debug] [2021-03-30T11:35:28.531Z] Ignoring unsupported arg: auto_download {"metadata":{"emulator":{"name":"ui"},"message":"Ignoring unsupported arg: auto_download"}}
[debug] [2021-03-30T11:35:28.531Z] Ignoring unsupported arg: port {"metadata":{"emulator":{"name":"ui"},"message":"Ignoring unsupported arg: port"}}
[debug] [2021-03-30T11:35:28.532Z] Starting Emulator UI with command {"binary":"node","args":["C:\\Users\\Raj Laskar\\.cache\\firebase\\emulators\\ui-v1.4.2\\server.bundle.js"],"optionalArgs":[],"joinArgs":false} {"metadata":{"emulator":{"name":"ui"},"message":"Starting Emulator UI with command {\"binary\":\"node\",\"args\":[\"C:\\\\Users\\\\Raj Laskar\\\\.cache\\\\firebase\\\\emulators\\\\ui-v1.4.2\\\\server.bundle.js\"],\"optionalArgs\":[],\"joinArgs\":false}"}}
[info] i  ui: Emulator UI logging to ui-debug.log {"metadata":{"emulator":{"name":"ui"},"message":"Emulator UI logging to \u001b[1mui-debug.log\u001b[22m"}}
[debug] [2021-03-30T11:35:29.021Z] Web / API server started at http://localhost:4002
 {"metadata":{"emulator":{"name":"ui"},"message":"Web / API server started at http://localhost:4002\n"}}
[info] i  functions: Watching "C:\Users\Raj Laskar\Documents\amazon-clone\functions" for Cloud Functions... {"metadata":{"emulator":{"name":"functions"},"message":"Watching \"C:\\Users\\Raj Laskar\\Documents\\amazon-clone\\functions\" for Cloud Functions..."}}
[debug] [2021-03-30T11:35:29.137Z] [worker-pool] addWorker(~diagnostic~) {"metadata":{"emulator":{"name":"functions"},"message":"[worker-pool] addWorker(~diagnostic~)"}}
[debug] [2021-03-30T11:35:29.137Z] [worker-pool] Adding worker with key ~diagnostic~, total=1 {"metadata":{"emulator":{"name":"functions"},"message":"[worker-pool] Adding worker with key ~diagnostic~, total=1"}}
[debug] [2021-03-30T11:35:29.138Z] [worker-pool] submitWork(triggerId=) {"metadata":{"emulator":{"name":"functions"},"message":"[worker-pool] submitWork(triggerId=)"}}
[debug] [2021-03-30T11:35:29.140Z] [worker-~diagnostic~-6ade96b4-266c-4079-8eb3-25d05a2e7211]: Assigning socketPath: \\?\pipe\C:\Users\Raj Laskar\Documents\amazon-clone\functions\47496 {"metadata":{"emulator":{"name":"functions"},"message":"[worker-~diagnostic~-6ade96b4-266c-4079-8eb3-25d05a2e7211]: Assigning socketPath: \\\\?\\pipe\\C:\\Users\\Raj Laskar\\Documents\\amazon-clone\\functions\\47496"}}
[debug] [2021-03-30T11:35:29.142Z] [worker-~diagnostic~-6ade96b4-266c-4079-8eb3-25d05a2e7211]: BUSY {"metadata":{"emulator":{"name":"functions"},"message":"[worker-~diagnostic~-6ade96b4-266c-4079-8eb3-25d05a2e7211]: BUSY"}}
[debug] [2021-03-30T11:35:29.787Z] [runtime-status] [47496] Functions runtime initialized. {"cwd":"C:\\Users\\Raj Laskar\\Documents\\amazon-clone\\functions","node_version":"10.16.0"} {"metadata":{"emulator":{"name":"functions"},"message":"[runtime-status] [47496] Functions runtime initialized. {\"cwd\":\"C:\\\\Users\\\\Raj Laskar\\\\Documents\\\\amazon-clone\\\\functions\",\"node_version\":\"10.16.0\"}"}}
[debug] [2021-03-30T11:35:29.789Z] [runtime-status] [47496] Disabled runtime features: undefined {"metadata":{"emulator":{"name":"functions"},"message":"[runtime-status] [47496] Disabled runtime features: undefined"}}
[debug] [2021-03-30T11:35:29.797Z] [runtime-status] [47496] Resolved module firebase-admin {"declared":true,"installed":true,"version":"9.6.0","resolution":"C:\\Users\\Raj Laskar\\Documents\\amazon-clone\\functions\\node_modules\\firebase-admin\\lib\\index.js"} {"metadata":{"emulator":{"name":"functions"},"message":"[runtime-status] [47496] Resolved module firebase-admin {\"declared\":true,\"installed\":true,\"version\":\"9.6.0\",\"resolution\":\"C:\\\\Users\\\\Raj Laskar\\\\Documents\\\\amazon-clone\\\\functions\\\\node_modules\\\\firebase-admin\\\\lib\\\\index.js\"}"}}
[debug] [2021-03-30T11:35:29.802Z] [runtime-status] [47496] Resolved module firebase-functions {"declared":true,"installed":true,"version":"3.13.2","resolution":"C:\\Users\\Raj Laskar\\Documents\\amazon-clone\\functions\\node_modules\\firebase-functions\\lib\\index.js"} {"metadata":{"emulator":{"name":"functions"},"message":"[runtime-status] [47496] Resolved module firebase-functions {\"declared\":true,\"installed\":true,\"version\":\"3.13.2\",\"resolution\":\"C:\\\\Users\\\\Raj Laskar\\\\Documents\\\\amazon-clone\\\\functions\\\\node_modules\\\\firebase-functions\\\\lib\\\\index.js\"}"}}
[debug] [2021-03-30T11:35:29.805Z] [runtime-status] [47496] Resolved module firebase-functions {"declared":true,"installed":true,"version":"3.13.2","resolution":"C:\\Users\\Raj Laskar\\Documents\\amazon-clone\\functions\\node_modules\\firebase-functions\\lib\\index.js"} {"metadata":{"emulator":{"name":"functions"},"message":"[runtime-status] [47496] Resolved module firebase-functions {\"declared\":true,\"installed\":true,\"version\":\"3.13.2\",\"resolution\":\"C:\\\\Users\\\\Raj Laskar\\\\Documents\\\\amazon-clone\\\\functions\\\\node_modules\\\\firebase-functions\\\\lib\\\\index.js\"}"}}
[debug] [2021-03-30T11:35:29.810Z] [runtime-status] [47496] Outgoing network have been stubbed. [{"name":"http","status":"mocked"},{"name":"http","status":"mocked"},{"name":"https","status":"mocked"},{"name":"https","status":"mocked"},{"name":"net","status":"mocked"}] {"metadata":{"emulator":{"name":"functions"},"message":"[runtime-status] [47496] Outgoing network have been stubbed. [{\"name\":\"http\",\"status\":\"mocked\"},{\"name\":\"http\",\"status\":\"mocked\"},{\"name\":\"https\",\"status\":\"mocked\"},{\"name\":\"https\",\"status\":\"mocked\"},{\"name\":\"net\",\"status\":\"mocked\"}]"}}
[debug] [2021-03-30T11:35:29.812Z] [runtime-status] [47496] Resolved module firebase-functions {"declared":true,"installed":true,"version":"3.13.2","resolution":"C:\\Users\\Raj Laskar\\Documents\\amazon-clone\\functions\\node_modules\\firebase-functions\\lib\\index.js"} {"metadata":{"emulator":{"name":"functions"},"message":"[runtime-status] [47496] Resolved module firebase-functions {\"declared\":true,\"installed\":true,\"version\":\"3.13.2\",\"resolution\":\"C:\\\\Users\\\\Raj Laskar\\\\Documents\\\\amazon-clone\\\\functions\\\\node_modules\\\\firebase-functions\\\\lib\\\\index.js\"}"}}
[debug] [2021-03-30T11:35:29.919Z] [runtime-status] [47496] Checked functions.config() {"config":{}} {"metadata":{"emulator":{"name":"functions"},"message":"[runtime-status] [47496] Checked functions.config() {\"config\":{}}"}}
[debug] [2021-03-30T11:35:29.919Z] [runtime-status] [47496] firebase-functions has been stubbed. {"functionsResolution":{"declared":true,"installed":true,"version":"3.13.2","resolution":"C:\\Users\\Raj Laskar\\Documents\\amazon-clone\\functions\\node_modules\\firebase-functions\\lib\\index.js"}} {"metadata":{"emulator":{"name":"functions"},"message":"[runtime-status] [47496] firebase-functions has been stubbed. {\"functionsResolution\":{\"declared\":true,\"installed\":true,\"version\":\"3.13.2\",\"resolution\":\"C:\\\\Users\\\\Raj Laskar\\\\Documents\\\\amazon-clone\\\\functions\\\\node_modules\\\\firebase-functions\\\\lib\\\\index.js\"}}"}}
[debug] [2021-03-30T11:35:29.920Z] [runtime-status] [47496] Resolved module firebase-functions {"declared":true,"installed":true,"version":"3.13.2","resolution":"C:\\Users\\Raj Laskar\\Documents\\amazon-clone\\functions\\node_modules\\firebase-functions\\lib\\index.js"} {"metadata":{"emulator":{"name":"functions"},"message":"[runtime-status] [47496] Resolved module firebase-functions {\"declared\":true,\"installed\":true,\"version\":\"3.13.2\",\"resolution\":\"C:\\\\Users\\\\Raj Laskar\\\\Documents\\\\amazon-clone\\\\functions\\\\node_modules\\\\firebase-functions\\\\lib\\\\index.js\"}"}}
[debug] [2021-03-30T11:35:29.922Z] [runtime-status] [47496] Resolved module firebase-admin {"declared":true,"installed":true,"version":"9.6.0","resolution":"C:\\Users\\Raj Laskar\\Documents\\amazon-clone\\functions\\node_modules\\firebase-admin\\lib\\index.js"} {"metadata":{"emulator":{"name":"functions"},"message":"[runtime-status] [47496] Resolved module firebase-admin {\"declared\":true,\"installed\":true,\"version\":\"9.6.0\",\"resolution\":\"C:\\\\Users\\\\Raj Laskar\\\\Documents\\\\amazon-clone\\\\functions\\\\node_modules\\\\firebase-admin\\\\lib\\\\index.js\"}"}}
[debug] [2021-03-30T11:35:29.923Z] [runtime-status] [47496] Resolved module firebase-functions {"declared":true,"installed":true,"version":"3.13.2","resolution":"C:\\Users\\Raj Laskar\\Documents\\amazon-clone\\functions\\node_modules\\firebase-functions\\lib\\index.js"} {"metadata":{"emulator":{"name":"functions"},"message":"[runtime-status] [47496] Resolved module firebase-functions {\"declared\":true,\"installed\":true,\"version\":\"3.13.2\",\"resolution\":\"C:\\\\Users\\\\Raj Laskar\\\\Documents\\\\amazon-clone\\\\functions\\\\node_modules\\\\firebase-functions\\\\lib\\\\index.js\"}"}}
[debug] [2021-03-30T11:35:29.923Z] [runtime-status] [47496] firebase-admin has been stubbed. {"adminResolution":{"declared":true,"installed":true,"version":"9.6.0","resolution":"C:\\Users\\Raj Laskar\\Documents\\amazon-clone\\functions\\node_modules\\firebase-admin\\lib\\index.js"}} {"metadata":{"emulator":{"name":"functions"},"message":"[runtime-status] [47496] firebase-admin has been stubbed. {\"adminResolution\":{\"declared\":true,\"installed\":true,\"version\":\"9.6.0\",\"resolution\":\"C:\\\\Users\\\\Raj Laskar\\\\Documents\\\\amazon-clone\\\\functions\\\\node_modules\\\\firebase-admin\\\\lib\\\\index.js\"}}"}}
[info] +  functions[api]: http function initialized (http://localhost:5001/c-97e8e/us-central1/api). {"metadata":{"emulator":{"name":"functions"},"message":"\u001b[1mhttp\u001b[22m function initialized (http://localhost:5001/c-97e8e/us-central1/api)."}}
[info] 
┌─────────────────────────────────────────────────────────────┐
│ ✔  All emulators ready! It is now safe to connect your app. │
│ i  View Emulator UI at http://localhost:4002                │
└─────────────────────────────────────────────────────────────┘

┌───────────┬────────────────┬─────────────────────────────────┐
│ Emulator  │ Host:Port      │ View in Emulator UI             │
├───────────┼────────────────┼─────────────────────────────────┤
│ Functions │ localhost:5001 │ http://localhost:4002/functions │
├───────────┼────────────────┼─────────────────────────────────┤
│ Firestore │ localhost:8080 │ http://localhost:4002/firestore │
├───────────┼────────────────┼─────────────────────────────────┤
│ Hosting   │ localhost:5000 │ n/a                             │
└───────────┴────────────────┴─────────────────────────────────┘
  Emulator Hub running at localhost:4400
  Other reserved ports: 4500

Issues? Report them at https://github.com/firebase/firebase-tools/issues and attach the *-debug.log files.
 
[debug] [2021-03-30T11:35:30.388Z] [worker-~diagnostic~-6ade96b4-266c-4079-8eb3-25d05a2e7211]: IDLE {"metadata":{"emulator":{"name":"functions"},"message":"[worker-~diagnostic~-6ade96b4-266c-4079-8eb3-25d05a2e7211]: IDLE"}}
[debug] [2021-03-30T11:42:08.388Z] [work-queue] {"queueLength":1,"workRunningCount":0}
[debug] [2021-03-30T11:42:08.388Z] [work-queue] {"queueLength":0,"workRunningCount":1}
[debug] [2021-03-30T11:42:08.389Z] Accepted request POST /c-97e8e/us-central1/api/payments/create?total=19999 --> api
[debug] [2021-03-30T11:42:08.397Z] [worker-pool] addWorker(api) {"metadata":{"emulator":{"name":"functions"},"message":"[worker-pool] addWorker(api)"}}
[debug] [2021-03-30T11:42:08.397Z] [worker-pool] Adding worker with key api, total=1 {"metadata":{"emulator":{"name":"functions"},"message":"[worker-pool] Adding worker with key api, total=1"}}
[debug] [2021-03-30T11:42:08.397Z] [worker-pool] submitWork(triggerId=api) {"metadata":{"emulator":{"name":"functions"},"message":"[worker-pool] submitWork(triggerId=api)"}}
[debug] [2021-03-30T11:42:08.398Z] [worker-api-0f63e32f-9705-4451-a385-25ab3cc60a12]: Assigning socketPath: \\?\pipe\C:\Users\Raj Laskar\Documents\amazon-clone\functions\15760 {"metadata":{"emulator":{"name":"functions"},"message":"[worker-api-0f63e32f-9705-4451-a385-25ab3cc60a12]: Assigning socketPath: \\\\?\\pipe\\C:\\Users\\Raj Laskar\\Documents\\amazon-clone\\functions\\15760"}}
[debug] [2021-03-30T11:42:08.398Z] [worker-api-0f63e32f-9705-4451-a385-25ab3cc60a12]: BUSY {"metadata":{"emulator":{"name":"functions"},"message":"[worker-api-0f63e32f-9705-4451-a385-25ab3cc60a12]: BUSY"}}
[debug] [2021-03-30T11:42:09.106Z] [runtime-status] [15760] Functions runtime initialized. {"cwd":"C:\\Users\\Raj Laskar\\Documents\\amazon-clone\\functions","node_version":"10.16.0"} {"metadata":{"emulator":{"name":"functions"},"function":{"name":"api"},"message":"[runtime-status] [15760] Functions runtime initialized. {\"cwd\":\"C:\\\\Users\\\\Raj Laskar\\\\Documents\\\\amazon-clone\\\\functions\",\"node_version\":\"10.16.0\"}"}}
[debug] [2021-03-30T11:42:09.110Z] [runtime-status] [15760] Disabled runtime features: undefined {"metadata":{"emulator":{"name":"functions"},"function":{"name":"api"},"message":"[runtime-status] [15760] Disabled runtime features: undefined"}}
[debug] [2021-03-30T11:42:09.119Z] [runtime-status] [15760] Resolved module firebase-admin {"declared":true,"installed":true,"version":"9.6.0","resolution":"C:\\Users\\Raj Laskar\\Documents\\amazon-clone\\functions\\node_modules\\firebase-admin\\lib\\index.js"} {"metadata":{"emulator":{"name":"functions"},"function":{"name":"api"},"message":"[runtime-status] [15760] Resolved module firebase-admin {\"declared\":true,\"installed\":true,\"version\":\"9.6.0\",\"resolution\":\"C:\\\\Users\\\\Raj Laskar\\\\Documents\\\\amazon-clone\\\\functions\\\\node_modules\\\\firebase-admin\\\\lib\\\\index.js\"}"}}
[debug] [2021-03-30T11:42:09.123Z] [runtime-status] [15760] Resolved module firebase-functions {"declared":true,"installed":true,"version":"3.13.2","resolution":"C:\\Users\\Raj Laskar\\Documents\\amazon-clone\\functions\\node_modules\\firebase-functions\\lib\\index.js"} {"metadata":{"emulator":{"name":"functions"},"function":{"name":"api"},"message":"[runtime-status] [15760] Resolved module firebase-functions {\"declared\":true,\"installed\":true,\"version\":\"3.13.2\",\"resolution\":\"C:\\\\Users\\\\Raj Laskar\\\\Documents\\\\amazon-clone\\\\functions\\\\node_modules\\\\firebase-functions\\\\lib\\\\index.js\"}"}}
[debug] [2021-03-30T11:42:09.126Z] [runtime-status] [15760] Resolved module firebase-functions {"declared":true,"installed":true,"version":"3.13.2","resolution":"C:\\Users\\Raj Laskar\\Documents\\amazon-clone\\functions\\node_modules\\firebase-functions\\lib\\index.js"} {"metadata":{"emulator":{"name":"functions"},"function":{"name":"api"},"message":"[runtime-status] [15760] Resolved module firebase-functions {\"declared\":true,\"installed\":true,\"version\":\"3.13.2\",\"resolution\":\"C:\\\\Users\\\\Raj Laskar\\\\Documents\\\\amazon-clone\\\\functions\\\\node_modules\\\\firebase-functions\\\\lib\\\\index.js\"}"}}
[debug] [2021-03-30T11:42:09.134Z] [runtime-status] [15760] Outgoing network have been stubbed. [{"name":"http","status":"mocked"},{"name":"http","status":"mocked"},{"name":"https","status":"mocked"},{"name":"https","status":"mocked"},{"name":"net","status":"mocked"}] {"metadata":{"emulator":{"name":"functions"},"function":{"name":"api"},"message":"[runtime-status] [15760] Outgoing network have been stubbed. [{\"name\":\"http\",\"status\":\"mocked\"},{\"name\":\"http\",\"status\":\"mocked\"},{\"name\":\"https\",\"status\":\"mocked\"},{\"name\":\"https\",\"status\":\"mocked\"},{\"name\":\"net\",\"status\":\"mocked\"}]"}}
[debug] [2021-03-30T11:42:09.135Z] [runtime-status] [15760] Resolved module firebase-functions {"declared":true,"installed":true,"version":"3.13.2","resolution":"C:\\Users\\Raj Laskar\\Documents\\amazon-clone\\functions\\node_modules\\firebase-functions\\lib\\index.js"} {"metadata":{"emulator":{"name":"functions"},"function":{"name":"api"},"message":"[runtime-status] [15760] Resolved module firebase-functions {\"declared\":true,\"installed\":true,\"version\":\"3.13.2\",\"resolution\":\"C:\\\\Users\\\\Raj Laskar\\\\Documents\\\\amazon-clone\\\\functions\\\\node_modules\\\\firebase-functions\\\\lib\\\\index.js\"}"}}
[debug] [2021-03-30T11:42:09.246Z] [runtime-status] [15760] Checked functions.config() {"config":{}} {"metadata":{"emulator":{"name":"functions"},"function":{"name":"api"},"message":"[runtime-status] [15760] Checked functions.config() {\"config\":{}}"}}
[debug] [2021-03-30T11:42:09.247Z] [runtime-status] [15760] firebase-functions has been stubbed. {"functionsResolution":{"declared":true,"installed":true,"version":"3.13.2","resolution":"C:\\Users\\Raj Laskar\\Documents\\amazon-clone\\functions\\node_modules\\firebase-functions\\lib\\index.js"}} {"metadata":{"emulator":{"name":"functions"},"function":{"name":"api"},"message":"[runtime-status] [15760] firebase-functions has been stubbed. {\"functionsResolution\":{\"declared\":true,\"installed\":true,\"version\":\"3.13.2\",\"resolution\":\"C:\\\\Users\\\\Raj Laskar\\\\Documents\\\\amazon-clone\\\\functions\\\\node_modules\\\\firebase-functions\\\\lib\\\\index.js\"}}"}}
[debug] [2021-03-30T11:42:09.248Z] [runtime-status] [15760] Resolved module firebase-functions {"declared":true,"installed":true,"version":"3.13.2","resolution":"C:\\Users\\Raj Laskar\\Documents\\amazon-clone\\functions\\node_modules\\firebase-functions\\lib\\index.js"} {"metadata":{"emulator":{"name":"functions"},"function":{"name":"api"},"message":"[runtime-status] [15760] Resolved module firebase-functions {\"declared\":true,\"installed\":true,\"version\":\"3.13.2\",\"resolution\":\"C:\\\\Users\\\\Raj Laskar\\\\Documents\\\\amazon-clone\\\\functions\\\\node_modules\\\\firebase-functions\\\\lib\\\\index.js\"}"}}
[debug] [2021-03-30T11:42:09.250Z] [runtime-status] [15760] Resolved module firebase-admin {"declared":true,"installed":true,"version":"9.6.0","resolution":"C:\\Users\\Raj Laskar\\Documents\\amazon-clone\\functions\\node_modules\\firebase-admin\\lib\\index.js"} {"metadata":{"emulator":{"name":"functions"},"function":{"name":"api"},"message":"[runtime-status] [15760] Resolved module firebase-admin {\"declared\":true,\"installed\":true,\"version\":\"9.6.0\",\"resolution\":\"C:\\\\Users\\\\Raj Laskar\\\\Documents\\\\amazon-clone\\\\functions\\\\node_modules\\\\firebase-admin\\\\lib\\\\index.js\"}"}}
[debug] [2021-03-30T11:42:09.251Z] [runtime-status] [15760] Resolved module firebase-functions {"declared":true,"installed":true,"version":"3.13.2","resolution":"C:\\Users\\Raj Laskar\\Documents\\amazon-clone\\functions\\node_modules\\firebase-functions\\lib\\index.js"} {"metadata":{"emulator":{"name":"functions"},"function":{"name":"api"},"message":"[runtime-status] [15760] Resolved module firebase-functions {\"declared\":true,\"installed\":true,\"version\":\"3.13.2\",\"resolution\":\"C:\\\\Users\\\\Raj Laskar\\\\Documents\\\\amazon-clone\\\\functions\\\\node_modules\\\\firebase-functions\\\\lib\\\\index.js\"}"}}
[debug] [2021-03-30T11:42:09.251Z] [runtime-status] [15760] firebase-admin has been stubbed. {"adminResolution":{"declared":true,"installed":true,"version":"9.6.0","resolution":"C:\\Users\\Raj Laskar\\Documents\\amazon-clone\\functions\\node_modules\\firebase-admin\\lib\\index.js"}} {"metadata":{"emulator":{"name":"functions"},"function":{"name":"api"},"message":"[runtime-status] [15760] firebase-admin has been stubbed. {\"adminResolution\":{\"declared\":true,\"installed\":true,\"version\":\"9.6.0\",\"resolution\":\"C:\\\\Users\\\\Raj Laskar\\\\Documents\\\\amazon-clone\\\\functions\\\\node_modules\\\\firebase-admin\\\\lib\\\\index.js\"}}"}}
[debug] [2021-03-30T11:42:09.695Z] [runtime-status] [15760] Trigger "api" has been found, beginning invocation! {"metadata":{"emulator":{"name":"functions"},"function":{"name":"api"},"message":"[runtime-status] [15760] Trigger \"api\" has been found, beginning invocation!"}}
[info] i  functions: Beginning execution of "api" {"metadata":{"emulator":{"name":"functions"},"function":{"name":"api"},"message":"Beginning execution of \"api\""}}
[debug] [2021-03-30T11:42:09.697Z] [runtime-status] [15760] triggerDefinition {"httpsTrigger":{},"name":"api","entryPoint":"api"} {"metadata":{"emulator":{"name":"functions"},"function":{"name":"api"},"message":"[runtime-status] [15760] triggerDefinition {\"httpsTrigger\":{},\"name\":\"api\",\"entryPoint\":\"api\"}"}}
[debug] [2021-03-30T11:42:09.698Z] [runtime-status] [15760] Running api in mode HTTPS {"metadata":{"emulator":{"name":"functions"},"function":{"name":"api"},"message":"[runtime-status] [15760] Running api in mode HTTPS"}}
[debug] [2021-03-30T11:42:09.702Z] [runtime-status] [15760] Attempting to listen to socketPath: \\?\pipe\C:\Users\Raj Laskar\Documents\amazon-clone\functions\15760 {"metadata":{"emulator":{"name":"functions"},"function":{"name":"api"},"message":"[runtime-status] [15760] Attempting to listen to socketPath: \\\\?\\pipe\\C:\\Users\\Raj Laskar\\Documents\\amazon-clone\\functions\\15760"}}
[debug] [2021-03-30T11:42:09.710Z] [functions] Runtime ready! Sending request! {"metadata":{"emulator":{"name":"functions"},"message":"[functions] Runtime ready! Sending request!"}}
[debug] [2021-03-30T11:42:09.712Z] [functions] Got req.url=/c-97e8e/us-central1/api/payments/create?total=19999, mapping to path=/payments/create?total=19999 {"metadata":{"emulator":{"name":"functions"},"message":"[functions] Got req.url=/c-97e8e/us-central1/api/payments/create?total=19999, mapping to path=/payments/create?total=19999"}}
[debug] [2021-03-30T11:42:09.731Z] [runtime-status] [15760] Ephemeral server handling POST request {"metadata":{"emulator":{"name":"functions"},"function":{"name":"api"},"message":"[runtime-status] [15760] Ephemeral server handling POST request"}}
[info] >  Payment Request Recieved BOOM!!! for this amount >>>  19999 {"user":"Payment Request Recieved BOOM!!! for this amount >>>  19999","metadata":{"emulator":{"name":"functions"},"function":{"name":"api"},"message":"\u001b[90m> \u001b[39m Payment Request Recieved BOOM!!! for this amount >>>  19999"}}
[debug] [2021-03-30T11:42:09.756Z] [runtime-status] [15760] Ephemeral server survived. {"metadata":{"emulator":{"name":"functions"},"function":{"name":"api"},"message":"[runtime-status] [15760] Ephemeral server survived."}}
[info] i  functions: Finished "api" in ~1s {"metadata":{"emulator":{"name":"functions"},"function":{"name":"api"},"message":"Finished \"api\" in ~1s"}}
[debug] [2021-03-30T11:42:10.762Z] [worker-api-0f63e32f-9705-4451-a385-25ab3cc60a12]: IDLE {"metadata":{"emulator":{"name":"functions"},"message":"[worker-api-0f63e32f-9705-4451-a385-25ab3cc60a12]: IDLE"}}
[debug] [2021-03-30T11:42:10.763Z] [work-queue] {"queueLength":0,"workRunningCount":0}
[debug] [2021-03-30T11:53:48.109Z] [work-queue] {"queueLength":1,"workRunningCount":0}
[debug] [2021-03-30T11:53:48.109Z] [work-queue] {"queueLength":0,"workRunningCount":1}
[debug] [2021-03-30T11:53:48.109Z] Accepted request POST /c-97e8e/us-central1/api/payments/create?total=23900 --> api
[debug] [2021-03-30T11:53:48.110Z] [worker-pool] submitWork(triggerId=api) {"metadata":{"emulator":{"name":"functions"},"message":"[worker-pool] submitWork(triggerId=api)"}}
[debug] [2021-03-30T11:53:48.110Z] [worker-api-0f63e32f-9705-4451-a385-25ab3cc60a12]: Assigning socketPath: \\?\pipe\C:\Users\Raj Laskar\Documents\amazon-clone\functions\15760 {"metadata":{"emulator":{"name":"functions"},"message":"[worker-api-0f63e32f-9705-4451-a385-25ab3cc60a12]: Assigning socketPath: \\\\?\\pipe\\C:\\Users\\Raj Laskar\\Documents\\amazon-clone\\functions\\15760"}}
[debug] [2021-03-30T11:53:48.110Z] [worker-api-0f63e32f-9705-4451-a385-25ab3cc60a12]: BUSY {"metadata":{"emulator":{"name":"functions"},"message":"[worker-api-0f63e32f-9705-4451-a385-25ab3cc60a12]: BUSY"}}
[debug] [2021-03-30T11:53:48.111Z] [runtime-status] [15760] Trigger "api" has been found, beginning invocation! {"metadata":{"emulator":{"name":"functions"},"function":{"name":"api"},"message":"[runtime-status] [15760] Trigger \"api\" has been found, beginning invocation!"}}
[info] i  functions: Beginning execution of "api" {"metadata":{"emulator":{"name":"functions"},"function":{"name":"api"},"message":"Beginning execution of \"api\""}}
[debug] [2021-03-30T11:53:48.114Z] [runtime-status] [15760] triggerDefinition {"httpsTrigger":{},"name":"api","entryPoint":"api"} {"metadata":{"emulator":{"name":"functions"},"function":{"name":"api"},"message":"[runtime-status] [15760] triggerDefinition {\"httpsTrigger\":{},\"name\":\"api\",\"entryPoint\":\"api\"}"}}
[debug] [2021-03-30T11:53:48.114Z] [runtime-status] [15760] Running api in mode HTTPS {"metadata":{"emulator":{"name":"functions"},"function":{"name":"api"},"message":"[runtime-status] [15760] Running api in mode HTTPS"}}
[debug] [2021-03-30T11:53:48.115Z] [runtime-status] [15760] Attempting to listen to socketPath: \\?\pipe\C:\Users\Raj Laskar\Documents\amazon-clone\functions\15760 {"metadata":{"emulator":{"name":"functions"},"function":{"name":"api"},"message":"[runtime-status] [15760] Attempting to listen to socketPath: \\\\?\\pipe\\C:\\Users\\Raj Laskar\\Documents\\amazon-clone\\functions\\15760"}}
[debug] [2021-03-30T11:53:48.117Z] [functions] Runtime ready! Sending request! {"metadata":{"emulator":{"name":"functions"},"message":"[functions] Runtime ready! Sending request!"}}
[debug] [2021-03-30T11:53:48.118Z] [functions] Got req.url=/c-97e8e/us-central1/api/payments/create?total=23900, mapping to path=/payments/create?total=23900 {"metadata":{"emulator":{"name":"functions"},"message":"[functions] Got req.url=/c-97e8e/us-central1/api/payments/create?total=23900, mapping to path=/payments/create?total=23900"}}
[debug] [2021-03-30T11:53:48.123Z] [runtime-status] [15760] Ephemeral server handling POST request {"metadata":{"emulator":{"name":"functions"},"function":{"name":"api"},"message":"[runtime-status] [15760] Ephemeral server handling POST request"}}
[info] >  Payment Request Recieved BOOM!!! for this amount >>>  23900 {"user":"Payment Request Recieved BOOM!!! for this amount >>>  23900","metadata":{"emulator":{"name":"functions"},"function":{"name":"api"},"message":"\u001b[90m> \u001b[39m Payment Request Recieved BOOM!!! for this amount >>>  23900"}}
[debug] [2021-03-30T11:53:48.128Z] [runtime-status] [15760] Ephemeral server survived. {"metadata":{"emulator":{"name":"functions"},"function":{"name":"api"},"message":"[runtime-status] [15760] Ephemeral server survived."}}
[info] i  functions: Finished "api" in ~1s {"metadata":{"emulator":{"name":"functions"},"function":{"name":"api"},"message":"Finished \"api\" in ~1s"}}
[debug] [2021-03-30T11:53:48.939Z] [worker-api-0f63e32f-9705-4451-a385-25ab3cc60a12]: IDLE {"metadata":{"emulator":{"name":"functions"},"message":"[worker-api-0f63e32f-9705-4451-a385-25ab3cc60a12]: IDLE"}}
[debug] [2021-03-30T11:53:48.940Z] [work-queue] {"queueLength":0,"workRunningCount":0}
[debug] [2021-03-30T12:07:34.866Z] Received signal SIGHUP 1
