[debug] [2021-03-29T21:13:39.834Z] ----------------------------------------------------------------------
[debug] [2021-03-29T21:13:39.836Z] Command:       C:\Program Files\nodejs\node.exe C:\Users\Raj Laskar\AppData\Roaming\npm\node_modules\firebase-tools\lib\bin\firebase.js serve -p 5002
[debug] [2021-03-29T21:13:39.837Z] CLI Version:   9.8.0
[debug] [2021-03-29T21:13:39.837Z] Platform:      win32
[debug] [2021-03-29T21:13:39.837Z] Node Version:  v10.16.0
[debug] [2021-03-29T21:13:39.839Z] Time:          Tue Mar 30 2021 02:43:39 GMT+0530 (India Standard Time)
[debug] [2021-03-29T21:13:39.839Z] ----------------------------------------------------------------------
[debug] 
[debug] [2021-03-29T21:13:39.854Z] > command requires scopes: ["email","openid","https://www.googleapis.com/auth/cloudplatformprojects.readonly","https://www.googleapis.com/auth/firebase","https://www.googleapis.com/auth/cloud-platform"]
[debug] [2021-03-29T21:13:39.855Z] > authorizing via signed-in user
[debug] [2021-03-29T21:13:39.855Z] [iam] checking project c-97e8e for permissions ["firebase.projects.get"]
[debug] [2021-03-29T21:13:39.859Z] >>> HTTP REQUEST POST https://cloudresourcemanager.googleapis.com/v1/projects/c-97e8e:testIamPermissions  
 {"permissions":["firebase.projects.get"]}
[debug] [2021-03-29T21:13:41.533Z] <<< HTTP RESPONSE 200 {"content-type":"application/json; charset=UTF-8","vary":"X-Origin, Referer, Origin,Accept-Encoding","date":"Mon, 29 Mar 2021 21:13:40 GMT","server":"ESF","cache-control":"private","x-xss-protection":"0","x-frame-options":"SAMEORIGIN","x-content-type-options":"nosniff","server-timing":"gfet4t7; dur=1333","alt-svc":"h3-29=\":443\"; ma=2592000,h3-T051=\":443\"; ma=2592000,h3-Q050=\":443\"; ma=2592000,h3-Q046=\":443\"; ma=2592000,h3-Q043=\":443\"; ma=2592000,quic=\":443\"; ma=2592000; v=\"46,43\"","accept-ranges":"none","transfer-encoding":"chunked"}
[debug] [2021-03-29T21:13:41.542Z] > refreshing access token with scopes: []
[debug] [2021-03-29T21:13:41.543Z] >>> HTTP REQUEST POST https://www.googleapis.com/oauth2/v3/token  
 <request body omitted>
[debug] [2021-03-29T21:13:41.849Z] <<< HTTP RESPONSE 200 {"expires":"Mon, 01 Jan 1990 00:00:00 GMT","pragma":"no-cache","date":"Mon, 29 Mar 2021 21:13:40 GMT","cache-control":"no-cache, no-store, max-age=0, must-revalidate","content-type":"application/json; charset=utf-8","vary":"X-Origin, Referer, Origin,Accept-Encoding","server":"scaffolding on HTTPServer2","x-xss-protection":"0","x-frame-options":"SAMEORIGIN","x-content-type-options":"nosniff","alt-svc":"h3-29=\":443\"; ma=2592000,h3-T051=\":443\"; ma=2592000,h3-Q050=\":443\"; ma=2592000,h3-Q046=\":443\"; ma=2592000,h3-Q043=\":443\"; ma=2592000,quic=\":443\"; ma=2592000; v=\"46,43\"","accept-ranges":"none","transfer-encoding":"chunked"}
[debug] [2021-03-29T21:13:41.888Z] >>> [apiv2][query] GET https://firebase.googleapis.com/v1beta1/projects/c-97e8e [none]
[debug] [2021-03-29T21:13:42.457Z] <<< [apiv2][status] GET https://firebase.googleapis.com/v1beta1/projects/c-97e8e 200
[debug] [2021-03-29T21:13:42.457Z] <<< [apiv2][body] GET https://firebase.googleapis.com/v1beta1/projects/c-97e8e {"projectId":"c-97e8e","projectNumber":"168043526563","displayName":"Amazon-c","name":"projects/c-97e8e","resources":{"hostingSite":"c-97e8e","storageBucket":"c-97e8e.appspot.com","locationId":"us-central"},"state":"ACTIVE"}
[info] 
[info] === Serving from 'C:\Users\Raj Laskar\Documents\amazon-clone'...
[info] 
[debug] [2021-03-29T21:13:42.494Z] >>> [apiv2][query] GET https://firebase.googleapis.com/v1beta1/projects/c-97e8e/webApps/-/config [none]
[debug] [2021-03-29T21:13:43.872Z] <<< [apiv2][status] GET https://firebase.googleapis.com/v1beta1/projects/c-97e8e/webApps/-/config 200
[debug] [2021-03-29T21:13:43.872Z] <<< [apiv2][body] GET https://firebase.googleapis.com/v1beta1/projects/c-97e8e/webApps/-/config {"projectId":"c-97e8e","appId":"1:168043526563:web:8d09af22bfd2872b084216","storageBucket":"c-97e8e.appspot.com","locationId":"us-central","apiKey":"AIzaSyDkGbtnFl7cDWU4JPgY__qKzp3noVaqEZg","authDomain":"c-97e8e.firebaseapp.com","messagingSenderId":"168043526563","measurementId":"G-VD2NN0868N"}
[info] i  hosting: Serving hosting files from: build {"metadata":{"emulator":{"name":"hosting"},"message":"Serving hosting files from: \u001b[1mbuild\u001b[22m"}}
[info] +  hosting: Local server: http://localhost:5002 {"metadata":{"emulator":{"name":"hosting"},"message":"Local server: \u001b[4m\u001b[1mhttp://localhost:5002\u001b[22m\u001b[24m"}}
[warn] !  Your requested "node" version "12" doesn't match your global version "10" {"metadata":{"emulator":{"name":"functions"},"message":"Your requested \"node\" version \"12\" doesn't match your global version \"10\""}}
[debug] [2021-03-29T21:13:44.543Z] defaultcredentials: writing to file C:\Users\Raj Laskar\AppData\Roaming\firebase\raj_laskar2016_gmail.com_application_default_credentials.json
[debug] [2021-03-29T21:13:44.549Z] Setting GAC to C:\Users\Raj Laskar\AppData\Roaming\firebase\raj_laskar2016_gmail.com_application_default_credentials.json {"metadata":{"emulator":{"name":"functions"},"message":"Setting GAC to C:\\Users\\Raj Laskar\\AppData\\Roaming\\firebase\\raj_laskar2016_gmail.com_application_default_credentials.json"}}
[debug] [2021-03-29T21:13:44.551Z] >>> [apiv2][query] GET https://firebase.googleapis.com/v1beta1/projects/c-97e8e/adminSdkConfig [none]
[debug] [2021-03-29T21:13:45.306Z] <<< [apiv2][status] GET https://firebase.googleapis.com/v1beta1/projects/c-97e8e/adminSdkConfig 200
[debug] [2021-03-29T21:13:45.306Z] <<< [apiv2][body] GET https://firebase.googleapis.com/v1beta1/projects/c-97e8e/adminSdkConfig {"projectId":"c-97e8e","storageBucket":"c-97e8e.appspot.com","locationId":"us-central"}
[info] i  functions: Watching "C:\Users\Raj Laskar\Documents\amazon-clone\functions" for Cloud Functions... {"metadata":{"emulator":{"name":"functions"},"message":"Watching \"C:\\Users\\Raj Laskar\\Documents\\amazon-clone\\functions\" for Cloud Functions..."}}
[debug] [2021-03-29T21:13:45.420Z] [worker-pool] addWorker(~diagnostic~) {"metadata":{"emulator":{"name":"functions"},"message":"[worker-pool] addWorker(~diagnostic~)"}}
[debug] [2021-03-29T21:13:45.421Z] [worker-pool] Adding worker with key ~diagnostic~, total=1 {"metadata":{"emulator":{"name":"functions"},"message":"[worker-pool] Adding worker with key ~diagnostic~, total=1"}}
[debug] [2021-03-29T21:13:45.422Z] [worker-pool] submitWork(triggerId=) {"metadata":{"emulator":{"name":"functions"},"message":"[worker-pool] submitWork(triggerId=)"}}
[debug] [2021-03-29T21:13:45.424Z] [worker-~diagnostic~-e988fb95-1d70-4bc4-8abc-080a7c8b6e8d]: Assigning socketPath: \\?\pipe\C:\Users\Raj Laskar\Documents\amazon-clone\functions\41368 {"metadata":{"emulator":{"name":"functions"},"message":"[worker-~diagnostic~-e988fb95-1d70-4bc4-8abc-080a7c8b6e8d]: Assigning socketPath: \\\\?\\pipe\\C:\\Users\\Raj Laskar\\Documents\\amazon-clone\\functions\\41368"}}
[debug] [2021-03-29T21:13:45.427Z] [worker-~diagnostic~-e988fb95-1d70-4bc4-8abc-080a7c8b6e8d]: BUSY {"metadata":{"emulator":{"name":"functions"},"message":"[worker-~diagnostic~-e988fb95-1d70-4bc4-8abc-080a7c8b6e8d]: BUSY"}}
[debug] [2021-03-29T21:13:46.108Z] [runtime-status] [41368] Functions runtime initialized. {"cwd":"C:\\Users\\Raj Laskar\\Documents\\amazon-clone\\functions","node_version":"10.16.0"} {"metadata":{"emulator":{"name":"functions"},"message":"[runtime-status] [41368] Functions runtime initialized. {\"cwd\":\"C:\\\\Users\\\\Raj Laskar\\\\Documents\\\\amazon-clone\\\\functions\",\"node_version\":\"10.16.0\"}"}}
[debug] [2021-03-29T21:13:46.110Z] [runtime-status] [41368] Disabled runtime features: undefined {"metadata":{"emulator":{"name":"functions"},"message":"[runtime-status] [41368] Disabled runtime features: undefined"}}
[debug] [2021-03-29T21:13:46.117Z] [runtime-status] [41368] Resolved module firebase-admin {"declared":true,"installed":true,"version":"9.5.0","resolution":"C:\\Users\\Raj Laskar\\Documents\\amazon-clone\\functions\\node_modules\\firebase-admin\\lib\\index.js"} {"metadata":{"emulator":{"name":"functions"},"message":"[runtime-status] [41368] Resolved module firebase-admin {\"declared\":true,\"installed\":true,\"version\":\"9.5.0\",\"resolution\":\"C:\\\\Users\\\\Raj Laskar\\\\Documents\\\\amazon-clone\\\\functions\\\\node_modules\\\\firebase-admin\\\\lib\\\\index.js\"}"}}
[debug] [2021-03-29T21:13:46.121Z] [runtime-status] [41368] Resolved module firebase-functions {"declared":true,"installed":true,"version":"3.13.2","resolution":"C:\\Users\\Raj Laskar\\Documents\\amazon-clone\\functions\\node_modules\\firebase-functions\\lib\\index.js"} {"metadata":{"emulator":{"name":"functions"},"message":"[runtime-status] [41368] Resolved module firebase-functions {\"declared\":true,\"installed\":true,\"version\":\"3.13.2\",\"resolution\":\"C:\\\\Users\\\\Raj Laskar\\\\Documents\\\\amazon-clone\\\\functions\\\\node_modules\\\\firebase-functions\\\\lib\\\\index.js\"}"}}
[debug] [2021-03-29T21:13:46.122Z] [runtime-status] [41368] Resolved module firebase-functions {"declared":true,"installed":true,"version":"3.13.2","resolution":"C:\\Users\\Raj Laskar\\Documents\\amazon-clone\\functions\\node_modules\\firebase-functions\\lib\\index.js"} {"metadata":{"emulator":{"name":"functions"},"message":"[runtime-status] [41368] Resolved module firebase-functions {\"declared\":true,\"installed\":true,\"version\":\"3.13.2\",\"resolution\":\"C:\\\\Users\\\\Raj Laskar\\\\Documents\\\\amazon-clone\\\\functions\\\\node_modules\\\\firebase-functions\\\\lib\\\\index.js\"}"}}
[debug] [2021-03-29T21:13:46.129Z] [runtime-status] [41368] Outgoing network have been stubbed. [{"name":"http","status":"mocked"},{"name":"http","status":"mocked"},{"name":"https","status":"mocked"},{"name":"https","status":"mocked"},{"name":"net","status":"mocked"}] {"metadata":{"emulator":{"name":"functions"},"message":"[runtime-status] [41368] Outgoing network have been stubbed. [{\"name\":\"http\",\"status\":\"mocked\"},{\"name\":\"http\",\"status\":\"mocked\"},{\"name\":\"https\",\"status\":\"mocked\"},{\"name\":\"https\",\"status\":\"mocked\"},{\"name\":\"net\",\"status\":\"mocked\"}]"}}
[debug] [2021-03-29T21:13:46.130Z] [runtime-status] [41368] Resolved module firebase-functions {"declared":true,"installed":true,"version":"3.13.2","resolution":"C:\\Users\\Raj Laskar\\Documents\\amazon-clone\\functions\\node_modules\\firebase-functions\\lib\\index.js"} {"metadata":{"emulator":{"name":"functions"},"message":"[runtime-status] [41368] Resolved module firebase-functions {\"declared\":true,\"installed\":true,\"version\":\"3.13.2\",\"resolution\":\"C:\\\\Users\\\\Raj Laskar\\\\Documents\\\\amazon-clone\\\\functions\\\\node_modules\\\\firebase-functions\\\\lib\\\\index.js\"}"}}
[debug] [2021-03-29T21:13:46.209Z] [runtime-status] [41368] Checked functions.config() {"config":{}} {"metadata":{"emulator":{"name":"functions"},"message":"[runtime-status] [41368] Checked functions.config() {\"config\":{}}"}}
[debug] [2021-03-29T21:13:46.209Z] [runtime-status] [41368] firebase-functions has been stubbed. {"functionsResolution":{"declared":true,"installed":true,"version":"3.13.2","resolution":"C:\\Users\\Raj Laskar\\Documents\\amazon-clone\\functions\\node_modules\\firebase-functions\\lib\\index.js"}} {"metadata":{"emulator":{"name":"functions"},"message":"[runtime-status] [41368] firebase-functions has been stubbed. {\"functionsResolution\":{\"declared\":true,\"installed\":true,\"version\":\"3.13.2\",\"resolution\":\"C:\\\\Users\\\\Raj Laskar\\\\Documents\\\\amazon-clone\\\\functions\\\\node_modules\\\\firebase-functions\\\\lib\\\\index.js\"}}"}}
[debug] [2021-03-29T21:13:46.210Z] [runtime-status] [41368] Resolved module firebase-functions {"declared":true,"installed":true,"version":"3.13.2","resolution":"C:\\Users\\Raj Laskar\\Documents\\amazon-clone\\functions\\node_modules\\firebase-functions\\lib\\index.js"} {"metadata":{"emulator":{"name":"functions"},"message":"[runtime-status] [41368] Resolved module firebase-functions {\"declared\":true,\"installed\":true,\"version\":\"3.13.2\",\"resolution\":\"C:\\\\Users\\\\Raj Laskar\\\\Documents\\\\amazon-clone\\\\functions\\\\node_modules\\\\firebase-functions\\\\lib\\\\index.js\"}"}}
[debug] [2021-03-29T21:13:46.212Z] [runtime-status] [41368] Resolved module firebase-admin {"declared":true,"installed":true,"version":"9.5.0","resolution":"C:\\Users\\Raj Laskar\\Documents\\amazon-clone\\functions\\node_modules\\firebase-admin\\lib\\index.js"} {"metadata":{"emulator":{"name":"functions"},"message":"[runtime-status] [41368] Resolved module firebase-admin {\"declared\":true,\"installed\":true,\"version\":\"9.5.0\",\"resolution\":\"C:\\\\Users\\\\Raj Laskar\\\\Documents\\\\amazon-clone\\\\functions\\\\node_modules\\\\firebase-admin\\\\lib\\\\index.js\"}"}}
[debug] [2021-03-29T21:13:46.213Z] [runtime-status] [41368] Resolved module firebase-functions {"declared":true,"installed":true,"version":"3.13.2","resolution":"C:\\Users\\Raj Laskar\\Documents\\amazon-clone\\functions\\node_modules\\firebase-functions\\lib\\index.js"} {"metadata":{"emulator":{"name":"functions"},"message":"[runtime-status] [41368] Resolved module firebase-functions {\"declared\":true,\"installed\":true,\"version\":\"3.13.2\",\"resolution\":\"C:\\\\Users\\\\Raj Laskar\\\\Documents\\\\amazon-clone\\\\functions\\\\node_modules\\\\firebase-functions\\\\lib\\\\index.js\"}"}}
[debug] [2021-03-29T21:13:46.213Z] [runtime-status] [41368] firebase-admin has been stubbed. {"adminResolution":{"declared":true,"installed":true,"version":"9.5.0","resolution":"C:\\Users\\Raj Laskar\\Documents\\amazon-clone\\functions\\node_modules\\firebase-admin\\lib\\index.js"}} {"metadata":{"emulator":{"name":"functions"},"message":"[runtime-status] [41368] firebase-admin has been stubbed. {\"adminResolution\":{\"declared\":true,\"installed\":true,\"version\":\"9.5.0\",\"resolution\":\"C:\\\\Users\\\\Raj Laskar\\\\Documents\\\\amazon-clone\\\\functions\\\\node_modules\\\\firebase-admin\\\\lib\\\\index.js\"}}"}}
[warn] !  Error: Cannot find module 'stripe'
    at Function.Module._resolveFilename (internal/modules/cjs/loader.js:636:15)
    at Function.Module._load (internal/modules/cjs/loader.js:562:25)
    at Module.require (internal/modules/cjs/loader.js:690:17)
    at require (internal/modules/cjs/helpers.js:25:18)
    at Object.<anonymous> (C:\Users\Raj Laskar\Documents\amazon-clone\functions\index.js:4:16)
    at Module._compile (internal/modules/cjs/loader.js:776:30)
    at Object.Module._extensions..js (internal/modules/cjs/loader.js:787:10)
    at Module.load (internal/modules/cjs/loader.js:653:32)
    at tryModuleLoad (internal/modules/cjs/loader.js:593:12)
    at Function.Module._load (internal/modules/cjs/loader.js:585:3) {"metadata":{"emulator":{"name":"functions"},"message":"Error: Cannot find module 'stripe'\n    at Function.Module._resolveFilename (internal/modules/cjs/loader.js:636:15)\n    at Function.Module._load (internal/modules/cjs/loader.js:562:25)\n    at Module.require (internal/modules/cjs/loader.js:690:17)\n    at require (internal/modules/cjs/helpers.js:25:18)\n    at Object.<anonymous> (C:\\Users\\Raj Laskar\\Documents\\amazon-clone\\functions\\index.js:4:16)\n    at Module._compile (internal/modules/cjs/loader.js:776:30)\n    at Object.Module._extensions..js (internal/modules/cjs/loader.js:787:10)\n    at Module.load (internal/modules/cjs/loader.js:653:32)\n    at tryModuleLoad (internal/modules/cjs/loader.js:593:12)\n    at Function.Module._load (internal/modules/cjs/loader.js:585:3)"}}
[warn] !  We were unable to load your functions code. (see above) {"metadata":{"emulator":{"name":"functions"}}}
[debug] [2021-03-29T21:13:46.466Z] [worker-~diagnostic~-e988fb95-1d70-4bc4-8abc-080a7c8b6e8d]: exited {"metadata":{"emulator":{"name":"functions"},"message":"[worker-~diagnostic~-e988fb95-1d70-4bc4-8abc-080a7c8b6e8d]: exited"}}
[debug] [2021-03-29T21:13:46.466Z] [worker-~diagnostic~-e988fb95-1d70-4bc4-8abc-080a7c8b6e8d]: FINISHED {"metadata":{"emulator":{"name":"functions"},"message":"[worker-~diagnostic~-e988fb95-1d70-4bc4-8abc-080a7c8b6e8d]: FINISHED"}}
[debug] [2021-03-29T21:19:38.247Z] ----------------------------------------------------------------------
[debug] [2021-03-29T21:19:38.250Z] Command:       C:\Program Files\nodejs\node.exe C:\Users\Raj Laskar\AppData\Roaming\npm\node_modules\firebase-tools\lib\bin\firebase.js serve -p 5002
[debug] [2021-03-29T21:19:38.250Z] CLI Version:   9.8.0
[debug] [2021-03-29T21:19:38.251Z] Platform:      win32
[debug] [2021-03-29T21:19:38.251Z] Node Version:  v10.16.0
[debug] [2021-03-29T21:19:38.253Z] Time:          Tue Mar 30 2021 02:49:38 GMT+0530 (India Standard Time)
[debug] [2021-03-29T21:19:38.253Z] ----------------------------------------------------------------------
[debug] 
[debug] [2021-03-29T21:19:38.269Z] > command requires scopes: ["email","openid","https://www.googleapis.com/auth/cloudplatformprojects.readonly","https://www.googleapis.com/auth/firebase","https://www.googleapis.com/auth/cloud-platform"]
[debug] [2021-03-29T21:19:38.270Z] > authorizing via signed-in user
[debug] [2021-03-29T21:19:38.270Z] [iam] checking project c-97e8e for permissions ["firebase.projects.get"]
[debug] [2021-03-29T21:19:38.274Z] > refreshing access token with scopes: ["email","https://www.googleapis.com/auth/cloud-platform","https://www.googleapis.com/auth/cloudplatformprojects.readonly","https://www.googleapis.com/auth/firebase","openid"]
[debug] [2021-03-29T21:19:38.274Z] >>> HTTP REQUEST POST https://www.googleapis.com/oauth2/v3/token  
 <request body omitted>
[debug] [2021-03-29T21:19:38.588Z] <<< HTTP RESPONSE 200 {"date":"Mon, 29 Mar 2021 21:19:37 GMT","pragma":"no-cache","cache-control":"no-cache, no-store, max-age=0, must-revalidate","expires":"Mon, 01 Jan 1990 00:00:00 GMT","content-type":"application/json; charset=utf-8","vary":"X-Origin, Referer, Origin,Accept-Encoding","server":"scaffolding on HTTPServer2","x-xss-protection":"0","x-frame-options":"SAMEORIGIN","x-content-type-options":"nosniff","alt-svc":"h3-29=\":443\"; ma=2592000,h3-T051=\":443\"; ma=2592000,h3-Q050=\":443\"; ma=2592000,h3-Q046=\":443\"; ma=2592000,h3-Q043=\":443\"; ma=2592000,quic=\":443\"; ma=2592000; v=\"46,43\"","accept-ranges":"none","transfer-encoding":"chunked"}
[debug] [2021-03-29T21:19:38.598Z] >>> HTTP REQUEST POST https://cloudresourcemanager.googleapis.com/v1/projects/c-97e8e:testIamPermissions  
 {"permissions":["firebase.projects.get"]}
[debug] [2021-03-29T21:19:40.220Z] <<< HTTP RESPONSE 200 {"content-type":"application/json; charset=UTF-8","vary":"X-Origin, Referer, Origin,Accept-Encoding","date":"Mon, 29 Mar 2021 21:19:38 GMT","server":"ESF","cache-control":"private","x-xss-protection":"0","x-frame-options":"SAMEORIGIN","x-content-type-options":"nosniff","server-timing":"gfet4t7; dur=1371","alt-svc":"h3-29=\":443\"; ma=2592000,h3-T051=\":443\"; ma=2592000,h3-Q050=\":443\"; ma=2592000,h3-Q046=\":443\"; ma=2592000,h3-Q043=\":443\"; ma=2592000,quic=\":443\"; ma=2592000; v=\"46,43\"","accept-ranges":"none","transfer-encoding":"chunked"}
[debug] [2021-03-29T21:19:40.223Z] > refreshing access token with scopes: []
[debug] [2021-03-29T21:19:40.223Z] >>> HTTP REQUEST POST https://www.googleapis.com/oauth2/v3/token  
 <request body omitted>
[debug] [2021-03-29T21:19:40.430Z] <<< HTTP RESPONSE 200 {"pragma":"no-cache","date":"Mon, 29 Mar 2021 21:19:39 GMT","expires":"Mon, 01 Jan 1990 00:00:00 GMT","cache-control":"no-cache, no-store, max-age=0, must-revalidate","content-type":"application/json; charset=utf-8","vary":"X-Origin, Referer, Origin,Accept-Encoding","server":"scaffolding on HTTPServer2","x-xss-protection":"0","x-frame-options":"SAMEORIGIN","x-content-type-options":"nosniff","alt-svc":"h3-29=\":443\"; ma=2592000,h3-T051=\":443\"; ma=2592000,h3-Q050=\":443\"; ma=2592000,h3-Q046=\":443\"; ma=2592000,h3-Q043=\":443\"; ma=2592000,quic=\":443\"; ma=2592000; v=\"46,43\"","accept-ranges":"none","transfer-encoding":"chunked"}
[debug] [2021-03-29T21:19:40.454Z] >>> [apiv2][query] GET https://firebase.googleapis.com/v1beta1/projects/c-97e8e [none]
[debug] [2021-03-29T21:19:40.946Z] <<< [apiv2][status] GET https://firebase.googleapis.com/v1beta1/projects/c-97e8e 200
[debug] [2021-03-29T21:19:40.946Z] <<< [apiv2][body] GET https://firebase.googleapis.com/v1beta1/projects/c-97e8e {"projectId":"c-97e8e","projectNumber":"168043526563","displayName":"Amazon-c","name":"projects/c-97e8e","resources":{"hostingSite":"c-97e8e","storageBucket":"c-97e8e.appspot.com","locationId":"us-central"},"state":"ACTIVE"}
[info] 
[info] === Serving from 'C:\Users\Raj Laskar\Documents\amazon-clone'...
[info] 
[debug] [2021-03-29T21:19:40.961Z] >>> [apiv2][query] GET https://firebase.googleapis.com/v1beta1/projects/c-97e8e/webApps/-/config [none]
[debug] [2021-03-29T21:19:42.379Z] <<< [apiv2][status] GET https://firebase.googleapis.com/v1beta1/projects/c-97e8e/webApps/-/config 200
[debug] [2021-03-29T21:19:42.379Z] <<< [apiv2][body] GET https://firebase.googleapis.com/v1beta1/projects/c-97e8e/webApps/-/config {"projectId":"c-97e8e","appId":"1:168043526563:web:8d09af22bfd2872b084216","storageBucket":"c-97e8e.appspot.com","locationId":"us-central","apiKey":"AIzaSyDkGbtnFl7cDWU4JPgY__qKzp3noVaqEZg","authDomain":"c-97e8e.firebaseapp.com","messagingSenderId":"168043526563","measurementId":"G-VD2NN0868N"}
[info] i  hosting: Serving hosting files from: build {"metadata":{"emulator":{"name":"hosting"},"message":"Serving hosting files from: \u001b[1mbuild\u001b[22m"}}
[info] +  hosting: Local server: http://localhost:5002 {"metadata":{"emulator":{"name":"hosting"},"message":"Local server: \u001b[4m\u001b[1mhttp://localhost:5002\u001b[22m\u001b[24m"}}
[warn] !  Your requested "node" version "12" doesn't match your global version "10" {"metadata":{"emulator":{"name":"functions"},"message":"Your requested \"node\" version \"12\" doesn't match your global version \"10\""}}
[debug] [2021-03-29T21:19:42.978Z] defaultcredentials: writing to file C:\Users\Raj Laskar\AppData\Roaming\firebase\raj_laskar2016_gmail.com_application_default_credentials.json
[debug] [2021-03-29T21:19:42.980Z] Setting GAC to C:\Users\Raj Laskar\AppData\Roaming\firebase\raj_laskar2016_gmail.com_application_default_credentials.json {"metadata":{"emulator":{"name":"functions"},"message":"Setting GAC to C:\\Users\\Raj Laskar\\AppData\\Roaming\\firebase\\raj_laskar2016_gmail.com_application_default_credentials.json"}}
[debug] [2021-03-29T21:19:42.982Z] >>> [apiv2][query] GET https://firebase.googleapis.com/v1beta1/projects/c-97e8e/adminSdkConfig [none]
[debug] [2021-03-29T21:19:43.603Z] <<< [apiv2][status] GET https://firebase.googleapis.com/v1beta1/projects/c-97e8e/adminSdkConfig 200
[debug] [2021-03-29T21:19:43.604Z] <<< [apiv2][body] GET https://firebase.googleapis.com/v1beta1/projects/c-97e8e/adminSdkConfig {"projectId":"c-97e8e","storageBucket":"c-97e8e.appspot.com","locationId":"us-central"}
[info] i  functions: Watching "C:\Users\Raj Laskar\Documents\amazon-clone\functions" for Cloud Functions... {"metadata":{"emulator":{"name":"functions"},"message":"Watching \"C:\\Users\\Raj Laskar\\Documents\\amazon-clone\\functions\" for Cloud Functions..."}}
[debug] [2021-03-29T21:19:43.711Z] [worker-pool] addWorker(~diagnostic~) {"metadata":{"emulator":{"name":"functions"},"message":"[worker-pool] addWorker(~diagnostic~)"}}
[debug] [2021-03-29T21:19:43.712Z] [worker-pool] Adding worker with key ~diagnostic~, total=1 {"metadata":{"emulator":{"name":"functions"},"message":"[worker-pool] Adding worker with key ~diagnostic~, total=1"}}
[debug] [2021-03-29T21:19:43.713Z] [worker-pool] submitWork(triggerId=) {"metadata":{"emulator":{"name":"functions"},"message":"[worker-pool] submitWork(triggerId=)"}}
[debug] [2021-03-29T21:19:43.714Z] [worker-~diagnostic~-e795d072-d4e4-411b-9bb6-975820c8fa51]: Assigning socketPath: \\?\pipe\C:\Users\Raj Laskar\Documents\amazon-clone\functions\39572 {"metadata":{"emulator":{"name":"functions"},"message":"[worker-~diagnostic~-e795d072-d4e4-411b-9bb6-975820c8fa51]: Assigning socketPath: \\\\?\\pipe\\C:\\Users\\Raj Laskar\\Documents\\amazon-clone\\functions\\39572"}}
[debug] [2021-03-29T21:19:43.715Z] [worker-~diagnostic~-e795d072-d4e4-411b-9bb6-975820c8fa51]: BUSY {"metadata":{"emulator":{"name":"functions"},"message":"[worker-~diagnostic~-e795d072-d4e4-411b-9bb6-975820c8fa51]: BUSY"}}
[debug] [2021-03-29T21:19:44.502Z] [runtime-status] [39572] Functions runtime initialized. {"cwd":"C:\\Users\\Raj Laskar\\Documents\\amazon-clone\\functions","node_version":"10.16.0"} {"metadata":{"emulator":{"name":"functions"},"message":"[runtime-status] [39572] Functions runtime initialized. {\"cwd\":\"C:\\\\Users\\\\Raj Laskar\\\\Documents\\\\amazon-clone\\\\functions\",\"node_version\":\"10.16.0\"}"}}
[debug] [2021-03-29T21:19:44.504Z] [runtime-status] [39572] Disabled runtime features: undefined {"metadata":{"emulator":{"name":"functions"},"message":"[runtime-status] [39572] Disabled runtime features: undefined"}}
[debug] [2021-03-29T21:19:44.511Z] [runtime-status] [39572] Resolved module firebase-admin {"declared":true,"installed":true,"version":"9.6.0","resolution":"C:\\Users\\Raj Laskar\\Documents\\amazon-clone\\functions\\node_modules\\firebase-admin\\lib\\index.js"} {"metadata":{"emulator":{"name":"functions"},"message":"[runtime-status] [39572] Resolved module firebase-admin {\"declared\":true,\"installed\":true,\"version\":\"9.6.0\",\"resolution\":\"C:\\\\Users\\\\Raj Laskar\\\\Documents\\\\amazon-clone\\\\functions\\\\node_modules\\\\firebase-admin\\\\lib\\\\index.js\"}"}}
[debug] [2021-03-29T21:19:44.515Z] [runtime-status] [39572] Resolved module firebase-functions {"declared":true,"installed":true,"version":"3.13.2","resolution":"C:\\Users\\Raj Laskar\\Documents\\amazon-clone\\functions\\node_modules\\firebase-functions\\lib\\index.js"} {"metadata":{"emulator":{"name":"functions"},"message":"[runtime-status] [39572] Resolved module firebase-functions {\"declared\":true,\"installed\":true,\"version\":\"3.13.2\",\"resolution\":\"C:\\\\Users\\\\Raj Laskar\\\\Documents\\\\amazon-clone\\\\functions\\\\node_modules\\\\firebase-functions\\\\lib\\\\index.js\"}"}}
[debug] [2021-03-29T21:19:44.516Z] [runtime-status] [39572] Resolved module firebase-functions {"declared":true,"installed":true,"version":"3.13.2","resolution":"C:\\Users\\Raj Laskar\\Documents\\amazon-clone\\functions\\node_modules\\firebase-functions\\lib\\index.js"} {"metadata":{"emulator":{"name":"functions"},"message":"[runtime-status] [39572] Resolved module firebase-functions {\"declared\":true,\"installed\":true,\"version\":\"3.13.2\",\"resolution\":\"C:\\\\Users\\\\Raj Laskar\\\\Documents\\\\amazon-clone\\\\functions\\\\node_modules\\\\firebase-functions\\\\lib\\\\index.js\"}"}}
[debug] [2021-03-29T21:19:44.524Z] [runtime-status] [39572] Outgoing network have been stubbed. [{"name":"http","status":"mocked"},{"name":"http","status":"mocked"},{"name":"https","status":"mocked"},{"name":"https","status":"mocked"},{"name":"net","status":"mocked"}] {"metadata":{"emulator":{"name":"functions"},"message":"[runtime-status] [39572] Outgoing network have been stubbed. [{\"name\":\"http\",\"status\":\"mocked\"},{\"name\":\"http\",\"status\":\"mocked\"},{\"name\":\"https\",\"status\":\"mocked\"},{\"name\":\"https\",\"status\":\"mocked\"},{\"name\":\"net\",\"status\":\"mocked\"}]"}}
[debug] [2021-03-29T21:19:44.525Z] [runtime-status] [39572] Resolved module firebase-functions {"declared":true,"installed":true,"version":"3.13.2","resolution":"C:\\Users\\Raj Laskar\\Documents\\amazon-clone\\functions\\node_modules\\firebase-functions\\lib\\index.js"} {"metadata":{"emulator":{"name":"functions"},"message":"[runtime-status] [39572] Resolved module firebase-functions {\"declared\":true,\"installed\":true,\"version\":\"3.13.2\",\"resolution\":\"C:\\\\Users\\\\Raj Laskar\\\\Documents\\\\amazon-clone\\\\functions\\\\node_modules\\\\firebase-functions\\\\lib\\\\index.js\"}"}}
[debug] [2021-03-29T21:19:44.605Z] [runtime-status] [39572] Checked functions.config() {"config":{}} {"metadata":{"emulator":{"name":"functions"},"message":"[runtime-status] [39572] Checked functions.config() {\"config\":{}}"}}
[debug] [2021-03-29T21:19:44.605Z] [runtime-status] [39572] firebase-functions has been stubbed. {"functionsResolution":{"declared":true,"installed":true,"version":"3.13.2","resolution":"C:\\Users\\Raj Laskar\\Documents\\amazon-clone\\functions\\node_modules\\firebase-functions\\lib\\index.js"}} {"metadata":{"emulator":{"name":"functions"},"message":"[runtime-status] [39572] firebase-functions has been stubbed. {\"functionsResolution\":{\"declared\":true,\"installed\":true,\"version\":\"3.13.2\",\"resolution\":\"C:\\\\Users\\\\Raj Laskar\\\\Documents\\\\amazon-clone\\\\functions\\\\node_modules\\\\firebase-functions\\\\lib\\\\index.js\"}}"}}
[debug] [2021-03-29T21:19:44.606Z] [runtime-status] [39572] Resolved module firebase-functions {"declared":true,"installed":true,"version":"3.13.2","resolution":"C:\\Users\\Raj Laskar\\Documents\\amazon-clone\\functions\\node_modules\\firebase-functions\\lib\\index.js"} {"metadata":{"emulator":{"name":"functions"},"message":"[runtime-status] [39572] Resolved module firebase-functions {\"declared\":true,\"installed\":true,\"version\":\"3.13.2\",\"resolution\":\"C:\\\\Users\\\\Raj Laskar\\\\Documents\\\\amazon-clone\\\\functions\\\\node_modules\\\\firebase-functions\\\\lib\\\\index.js\"}"}}
[debug] [2021-03-29T21:19:44.608Z] [runtime-status] [39572] Resolved module firebase-admin {"declared":true,"installed":true,"version":"9.6.0","resolution":"C:\\Users\\Raj Laskar\\Documents\\amazon-clone\\functions\\node_modules\\firebase-admin\\lib\\index.js"} {"metadata":{"emulator":{"name":"functions"},"message":"[runtime-status] [39572] Resolved module firebase-admin {\"declared\":true,\"installed\":true,\"version\":\"9.6.0\",\"resolution\":\"C:\\\\Users\\\\Raj Laskar\\\\Documents\\\\amazon-clone\\\\functions\\\\node_modules\\\\firebase-admin\\\\lib\\\\index.js\"}"}}
[debug] [2021-03-29T21:19:44.609Z] [runtime-status] [39572] Resolved module firebase-functions {"declared":true,"installed":true,"version":"3.13.2","resolution":"C:\\Users\\Raj Laskar\\Documents\\amazon-clone\\functions\\node_modules\\firebase-functions\\lib\\index.js"} {"metadata":{"emulator":{"name":"functions"},"message":"[runtime-status] [39572] Resolved module firebase-functions {\"declared\":true,\"installed\":true,\"version\":\"3.13.2\",\"resolution\":\"C:\\\\Users\\\\Raj Laskar\\\\Documents\\\\amazon-clone\\\\functions\\\\node_modules\\\\firebase-functions\\\\lib\\\\index.js\"}"}}
[debug] [2021-03-29T21:19:44.609Z] [runtime-status] [39572] firebase-admin has been stubbed. {"adminResolution":{"declared":true,"installed":true,"version":"9.6.0","resolution":"C:\\Users\\Raj Laskar\\Documents\\amazon-clone\\functions\\node_modules\\firebase-admin\\lib\\index.js"}} {"metadata":{"emulator":{"name":"functions"},"message":"[runtime-status] [39572] firebase-admin has been stubbed. {\"adminResolution\":{\"declared\":true,\"installed\":true,\"version\":\"9.6.0\",\"resolution\":\"C:\\\\Users\\\\Raj Laskar\\\\Documents\\\\amazon-clone\\\\functions\\\\node_modules\\\\firebase-admin\\\\lib\\\\index.js\"}}"}}
[warn] !  Error: Cannot find module 'stripe'
    at Function.Module._resolveFilename (internal/modules/cjs/loader.js:636:15)
    at Function.Module._load (internal/modules/cjs/loader.js:562:25)
    at Module.require (internal/modules/cjs/loader.js:690:17)
    at require (internal/modules/cjs/helpers.js:25:18)
    at Object.<anonymous> (C:\Users\Raj Laskar\Documents\amazon-clone\functions\index.js:4:16)
    at Module._compile (internal/modules/cjs/loader.js:776:30)
    at Object.Module._extensions..js (internal/modules/cjs/loader.js:787:10)
    at Module.load (internal/modules/cjs/loader.js:653:32)
    at tryModuleLoad (internal/modules/cjs/loader.js:593:12)
    at Function.Module._load (internal/modules/cjs/loader.js:585:3) {"metadata":{"emulator":{"name":"functions"},"message":"Error: Cannot find module 'stripe'\n    at Function.Module._resolveFilename (internal/modules/cjs/loader.js:636:15)\n    at Function.Module._load (internal/modules/cjs/loader.js:562:25)\n    at Module.require (internal/modules/cjs/loader.js:690:17)\n    at require (internal/modules/cjs/helpers.js:25:18)\n    at Object.<anonymous> (C:\\Users\\Raj Laskar\\Documents\\amazon-clone\\functions\\index.js:4:16)\n    at Module._compile (internal/modules/cjs/loader.js:776:30)\n    at Object.Module._extensions..js (internal/modules/cjs/loader.js:787:10)\n    at Module.load (internal/modules/cjs/loader.js:653:32)\n    at tryModuleLoad (internal/modules/cjs/loader.js:593:12)\n    at Function.Module._load (internal/modules/cjs/loader.js:585:3)"}}
[warn] !  We were unable to load your functions code. (see above) {"metadata":{"emulator":{"name":"functions"}}}
[debug] [2021-03-29T21:19:44.865Z] [worker-~diagnostic~-e795d072-d4e4-411b-9bb6-975820c8fa51]: exited {"metadata":{"emulator":{"name":"functions"},"message":"[worker-~diagnostic~-e795d072-d4e4-411b-9bb6-975820c8fa51]: exited"}}
[debug] [2021-03-29T21:19:44.865Z] [worker-~diagnostic~-e795d072-d4e4-411b-9bb6-975820c8fa51]: FINISHED {"metadata":{"emulator":{"name":"functions"},"message":"[worker-~diagnostic~-e795d072-d4e4-411b-9bb6-975820c8fa51]: FINISHED"}}
